<?xml version="1.0" encoding="UTF-8"?>
<!-- Generated by org.testng.reporters.JUnitReportReporter -->
<testsuite hostname="Yog" failures="0" tests="1" name="nyss001.TestNg001Test" time="0.015" errors="0" timestamp="20 Jul 2022 12:01:08 GMT">
  <testcase classname="nyss001.TestNg001Test" name="setCiCd" time="0.015"/>
</testsuite> <!-- nyss001.TestNg001Test -->
